  Checking Build System
  CMake does not need to re-run because D:/rexWork/action/20190816_SLAM/ORBSLAM24Windows/Thirdparty/Pangolin/build/CMakeFiles/generate.stamp is up-to-date.
  CMake does not need to re-run because D:/rexWork/action/20190816_SLAM/ORBSLAM24Windows/Thirdparty/Pangolin/build/external/CMakeFiles/generate.stamp is up-to-date.
  CMake does not need to re-run because D:/rexWork/action/20190816_SLAM/ORBSLAM24Windows/Thirdparty/Pangolin/build/src/CMakeFiles/generate.stamp is up-to-date.
  CMake does not need to re-run because D:/rexWork/action/20190816_SLAM/ORBSLAM24Windows/Thirdparty/Pangolin/build/test/CMakeFiles/generate.stamp is up-to-date.
  CMake does not need to re-run because D:/rexWork/action/20190816_SLAM/ORBSLAM24Windows/Thirdparty/Pangolin/build/test/log/CMakeFiles/generate.stamp is up-to-date.
  CMake does not need to re-run because D:/rexWork/action/20190816_SLAM/ORBSLAM24Windows/Thirdparty/Pangolin/build/examples/CMakeFiles/generate.stamp is up-to-date.
  CMake does not need to re-run because D:/rexWork/action/20190816_SLAM/ORBSLAM24Windows/Thirdparty/Pangolin/build/examples/HelloPangolin/CMakeFiles/generate.stamp is up-to-date.
  CMake does not need to re-run because D:/rexWork/action/20190816_SLAM/ORBSLAM24Windows/Thirdparty/Pangolin/build/examples/SimpleMultiDisplay/CMakeFiles/generate.stamp is up-to-date.
  CMake does not need to re-run because D:/rexWork/action/20190816_SLAM/ORBSLAM24Windows/Thirdparty/Pangolin/build/examples/SimpleDisplayImage/CMakeFiles/generate.stamp is up-to-date.
  CMake does not need to re-run because D:/rexWork/action/20190816_SLAM/ORBSLAM24Windows/Thirdparty/Pangolin/build/examples/SimpleScene/CMakeFiles/generate.stamp is up-to-date.
  CMake does not need to re-run because D:/rexWork/action/20190816_SLAM/ORBSLAM24Windows/Thirdparty/Pangolin/build/examples/SimplePlot/CMakeFiles/generate.stamp is up-to-date.
  CMake does not need to re-run because D:/rexWork/action/20190816_SLAM/ORBSLAM24Windows/Thirdparty/Pangolin/build/examples/SimpleDisplay/CMakeFiles/generate.stamp is up-to-date.
  CMake does not need to re-run because D:/rexWork/action/20190816_SLAM/ORBSLAM24Windows/Thirdparty/Pangolin/build/examples/SimpleVideo/CMakeFiles/generate.stamp is up-to-date.
  CMake does not need to re-run because D:/rexWork/action/20190816_SLAM/ORBSLAM24Windows/Thirdparty/Pangolin/build/examples/SimpleRecord/CMakeFiles/generate.stamp is up-to-date.
  CMake does not need to re-run because D:/rexWork/action/20190816_SLAM/ORBSLAM24Windows/Thirdparty/Pangolin/build/examples/SimpleRepeatVideo/CMakeFiles/generate.stamp is up-to-date.
  CMake does not need to re-run because D:/rexWork/action/20190816_SLAM/ORBSLAM24Windows/Thirdparty/Pangolin/build/examples/SharedMemoryVideoWriter/CMakeFiles/generate.stamp is up-to-date.
  CMake does not need to re-run because D:/rexWork/action/20190816_SLAM/ORBSLAM24Windows/Thirdparty/Pangolin/build/tools/CMakeFiles/generate.stamp is up-to-date.
  CMake does not need to re-run because D:/rexWork/action/20190816_SLAM/ORBSLAM24Windows/Thirdparty/Pangolin/build/tools/VideoViewer/CMakeFiles/generate.stamp is up-to-date.
  CMake does not need to re-run because D:/rexWork/action/20190816_SLAM/ORBSLAM24Windows/Thirdparty/Pangolin/build/tools/VideoConvert/CMakeFiles/generate.stamp is up-to-date.
