  Checking Build System
  CMake is re-running because D:/rexWork/action/20190816_SLAM/ORBSLAM24Windows/Thirdparty/Pangolin/build/CMakeFiles/generate.stamp is out-of-date.
    the file 'C:/Program Files/CMake/share/cmake-3.13/Modules/CMakeCInformation.cmake'
    is newer than 'D:/rexWork/action/20190816_SLAM/ORBSLAM24Windows/Thirdparty/Pangolin/build/CMakeFiles/generate.stamp.depend'
    result='0'
  -- Selecting Windows SDK version  to target Windows 10.0.17134.
  -- The C compiler identification is MSVC 19.0.23506.0
  -- The CXX compiler identification is MSVC 19.0.23506.0
  -- Check for working C compiler: C:/Program Files (x86)/Microsoft Visual Studio 14.0/VC/bin/x86_amd64/cl.exe
  -- Check for working C compiler: C:/Program Files (x86)/Microsoft Visual Studio 14.0/VC/bin/x86_amd64/cl.exe -- works
  -- Detecting C compiler ABI info
  -- Detecting C compiler ABI info - done
  -- Detecting C compile features
  -- Detecting C compile features - done
  -- Check for working CXX compiler: C:/Program Files (x86)/Microsoft Visual Studio 14.0/VC/bin/x86_amd64/cl.exe
  -- Check for working CXX compiler: C:/Program Files (x86)/Microsoft Visual Studio 14.0/VC/bin/x86_amd64/cl.exe -- works
  -- Detecting CXX compiler ABI info
  -- Detecting CXX compiler ABI info - done
  -- Detecting CXX compile features
  -- Detecting CXX compile features - done
  -- Eigen Found and Enabled
  -- Could NOT find PkgConfig (missing: PKG_CONFIG_EXECUTABLE) 
  -- Could NOT find PkgConfig (missing: PKG_CONFIG_EXECUTABLE) 
  -- Could NOT find PkgConfig (missing: PKG_CONFIG_EXECUTABLE) 
  -- libpng Found and Enabled
  -- libjpeg Found and Enabled
  -- Could NOT find Doxygen (missing: DOXYGEN_EXECUTABLE) 
  -- Oculus NOT found
  -- Configuring done
  -- Generating done
  -- Build files have been written to: D:/rexWork/action/20190816_SLAM/ORBSLAM24Windows/Thirdparty/Pangolin/build
